c:\users\vantan\documents\github\gamecreate_team3\チーム制作3人\debug\collision.obj
c:\users\vantan\documents\github\gamecreate_team3\チーム制作3人\debug\fileutil.obj
c:\users\vantan\documents\github\gamecreate_team3\チーム制作3人\debug\glext.obj
c:\users\vantan\documents\github\gamecreate_team3\チーム制作3人\debug\glfwwindow.obj
c:\users\vantan\documents\github\gamecreate_team3\チーム制作3人\debug\os_osx.obj
c:\users\vantan\documents\github\gamecreate_team3\チーム制作3人\debug\os_win.obj
c:\users\vantan\documents\github\gamecreate_team3\チーム制作3人\debug\random.obj
c:\users\vantan\documents\github\gamecreate_team3\チーム制作3人\debug\texture.obj
c:\users\vantan\documents\github\gamecreate_team3\チーム制作3人\debug\player.obj
c:\users\vantan\documents\github\gamecreate_team3\チーム制作3人\debug\appenv.obj
c:\users\vantan\documents\github\gamecreate_team3\チーム制作3人\debug\gamepad.obj
c:\users\vantan\documents\github\gamecreate_team3\チーム制作3人\debug\gltexture.obj
c:\users\vantan\documents\github\gamecreate_team3\チーム制作3人\debug\png.obj
c:\users\vantan\documents\github\gamecreate_team3\チーム制作3人\debug\streamwav.obj
c:\users\vantan\documents\github\gamecreate_team3\チーム制作3人\debug\utils.obj
c:\users\vantan\documents\github\gamecreate_team3\チーム制作3人\debug\boss.obj
c:\users\vantan\documents\github\gamecreate_team3\チーム制作3人\debug\font.obj
c:\users\vantan\documents\github\gamecreate_team3\チーム制作3人\debug\matrix.obj
c:\users\vantan\documents\github\gamecreate_team3\チーム制作3人\debug\wav.obj
c:\users\vantan\documents\github\gamecreate_team3\チーム制作3人\debug\turnmanager.obj
c:\users\vantan\documents\github\gamecreate_team3\チーム制作3人\debug\class.obj
c:\users\vantan\documents\github\gamecreate_team3\チーム制作3人\debug\audio.obj
c:\users\vantan\documents\github\gamecreate_team3\チーム制作3人\debug\camera2d.obj
c:\users\vantan\documents\github\gamecreate_team3\チーム制作3人\debug\graph.obj
c:\users\vantan\documents\github\gamecreate_team3\チーム制作3人\debug\streaming.obj
c:\users\vantan\documents\github\gamecreate_team3\チーム制作3人\debug\map.obj
c:\users\vantan\documents\github\gamecreate_team3\チーム制作3人\debug\main.obj
c:\users\vantan\documents\github\gamecreate_team3\チーム制作3人\debug\vc120.pdb
c:\users\vantan\documents\github\gamecreate_team3\チーム制作3人\debug\fileselect.obj
c:\users\vantan\documents\github\gamecreate_team3\チーム制作3人\debug\attackpattern1.obj
c:\users\vantan\documents\github\gamecreate_team3\チーム制作3人\debug\collsionmap.obj
c:\users\vantan\documents\github\gamecreate_team3\チーム制作3人\debug\attackpattern2.obj
c:\users\vantan\documents\github\gamecreate_team3\チーム制作3人\debug\collisionmap.obj
c:\users\vantan\documents\github\gamecreate_team3\チーム制作3人\gametemplate.ilk
c:\users\vantan\documents\github\gamecreate_team3\チーム制作3人\gametemplate.exe
c:\users\vantan\documents\github\gamecreate_team3\チーム制作3人\gametemplate.pdb
c:\users\vantan\documents\github\gamecreate_team3\チーム制作3人\debug\vc120.idb
c:\users\vantan\documents\github\gamecreate_team3\チーム制作3人\debug\gametemplate.tlog\cl.command.1.tlog
c:\users\vantan\documents\github\gamecreate_team3\チーム制作3人\debug\gametemplate.tlog\cl.read.1.tlog
c:\users\vantan\documents\github\gamecreate_team3\チーム制作3人\debug\gametemplate.tlog\cl.write.1.tlog
c:\users\vantan\documents\github\gamecreate_team3\チーム制作3人\debug\gametemplate.tlog\link.command.1.tlog
c:\users\vantan\documents\github\gamecreate_team3\チーム制作3人\debug\gametemplate.tlog\link.read.1.tlog
c:\users\vantan\documents\github\gamecreate_team3\チーム制作3人\debug\gametemplate.tlog\link.write.1.tlog
