2015/11/09 15:04:27 にビルドを開始しました。
     1>ノード 2 上のプロジェクト "C:\Users\vantan\Documents\GitHub\GameCreate_Team3\チーム制作3人\GameTemplate.vcxproj" (Build ターゲット)。
     1>ClCompile:
         C:\Program Files (x86)\Microsoft Visual Studio 12.0\VC\bin\CL.exe /c /ZI /nologo /W3 /WX- /MP /Od /Oy- /D WIN32 /D _DEBUG /D _WINDOWS /D DEBUG /D _ITERATOR_DEBUG_LEVEL=0 /D PRODUCT_NAME=GameTemplate /Gm- /EHsc /RTC1 /MDd /GS /fp:precise /Zc:wchar_t /Zc:forScope /Fo"Debug\\" /Fd"Debug\vc120.pdb" /Gd /TP /analyze- /errorReport:prompt src\Boss.cpp src\main.cpp src\Map.cpp src\Player.cpp src\TurnManager.cpp
         Boss.cpp
         main.cpp
         Map.cpp
         Player.cpp
     1>c:\users\vantan\documents\github\gamecreate_team3\チーム制作3人\include\eigen\src\core\matrix.h(277): error C2338: YOU_MIXED_DIFFERENT_NUMERIC_TYPES__YOU_NEED_TO_USE_THE_CAST_METHOD_OF_MATRIXBASE_TO_CAST_NUMERIC_TYPES_EXPLICITLY (src\main.cpp)
                 c:\users\vantan\documents\github\gamecreate_team3\チーム制作3人\src\map.h(42) : コンパイルされたクラスの テンプレート のインスタンス化 'Eigen::Matrix<int,2,1,0,2,1>::Matrix<Derived>(const Eigen::MatrixBase<Derived> &)' の参照を確認してください
                 with
                 [
                     Derived=Eigen::Matrix<float,2,1,0,2,1>
                 ]
                 c:\users\vantan\documents\github\gamecreate_team3\チーム制作3人\src\map.h(42) : コンパイルされたクラスの テンプレート のインスタンス化 'Eigen::Matrix<int,2,1,0,2,1>::Matrix<Derived>(const Eigen::MatrixBase<Derived> &)' の参照を確認してください
                 with
                 [
                     Derived=Eigen::Matrix<float,2,1,0,2,1>
                 ]
     1>c:\users\vantan\documents\github\gamecreate_team3\チーム制作3人\include\eigen\src\core\matrix.h(277): error C2338: YOU_MIXED_DIFFERENT_NUMERIC_TYPES__YOU_NEED_TO_USE_THE_CAST_METHOD_OF_MATRIXBASE_TO_CAST_NUMERIC_TYPES_EXPLICITLY (src\Player.cpp)
                 c:\users\vantan\documents\github\gamecreate_team3\チーム制作3人\src\map.h(42) : コンパイルされたクラスの テンプレート のインスタンス化 'Eigen::Matrix<int,2,1,0,2,1>::Matrix<Derived>(const Eigen::MatrixBase<Derived> &)' の参照を確認してください
                 with
                 [
                     Derived=Eigen::Matrix<float,2,1,0,2,1>
                 ]
                 c:\users\vantan\documents\github\gamecreate_team3\チーム制作3人\src\map.h(42) : コンパイルされたクラスの テンプレート のインスタンス化 'Eigen::Matrix<int,2,1,0,2,1>::Matrix<Derived>(const Eigen::MatrixBase<Derived> &)' の参照を確認してください
                 with
                 [
                     Derived=Eigen::Matrix<float,2,1,0,2,1>
                 ]
         TurnManager.cpp
     1>c:\users\vantan\documents\github\gamecreate_team3\チーム制作3人\include\eigen\src\core\matrix.h(277): error C2338: YOU_MIXED_DIFFERENT_NUMERIC_TYPES__YOU_NEED_TO_USE_THE_CAST_METHOD_OF_MATRIXBASE_TO_CAST_NUMERIC_TYPES_EXPLICITLY (src\Map.cpp)
                 c:\users\vantan\documents\github\gamecreate_team3\チーム制作3人\src\map.h(42) : コンパイルされたクラスの テンプレート のインスタンス化 'Eigen::Matrix<int,2,1,0,2,1>::Matrix<Derived>(const Eigen::MatrixBase<Derived> &)' の参照を確認してください
                 with
                 [
                     Derived=Eigen::Matrix<float,2,1,0,2,1>
                 ]
                 c:\users\vantan\documents\github\gamecreate_team3\チーム制作3人\src\map.h(42) : コンパイルされたクラスの テンプレート のインスタンス化 'Eigen::Matrix<int,2,1,0,2,1>::Matrix<Derived>(const Eigen::MatrixBase<Derived> &)' の参照を確認してください
                 with
                 [
                     Derived=Eigen::Matrix<float,2,1,0,2,1>
                 ]
     1>c:\users\vantan\documents\github\gamecreate_team3\チーム制作3人\include\eigen\src\core\matrix.h(277): error C2338: YOU_MIXED_DIFFERENT_NUMERIC_TYPES__YOU_NEED_TO_USE_THE_CAST_METHOD_OF_MATRIXBASE_TO_CAST_NUMERIC_TYPES_EXPLICITLY (src\TurnManager.cpp)
                 c:\users\vantan\documents\github\gamecreate_team3\チーム制作3人\src\map.h(42) : コンパイルされたクラスの テンプレート のインスタンス化 'Eigen::Matrix<int,2,1,0,2,1>::Matrix<Derived>(const Eigen::MatrixBase<Derived> &)' の参照を確認してください
                 with
                 [
                     Derived=Eigen::Matrix<float,2,1,0,2,1>
                 ]
                 c:\users\vantan\documents\github\gamecreate_team3\チーム制作3人\src\map.h(42) : コンパイルされたクラスの テンプレート のインスタンス化 'Eigen::Matrix<int,2,1,0,2,1>::Matrix<Derived>(const Eigen::MatrixBase<Derived> &)' の参照を確認してください
                 with
                 [
                     Derived=Eigen::Matrix<float,2,1,0,2,1>
                 ]
     1>プロジェクト "C:\Users\vantan\Documents\GitHub\GameCreate_Team3\チーム制作3人\GameTemplate.vcxproj" (Build ターゲット) のビルドが終了しました -- 失敗。

ビルドに失敗しました。

経過時間 00:00:04.60
